00:00:25 **** Incremental Build of configuration Debug for project Basic_Calculator ****
make all 
Building file: ../CLCD_program.c
Invoking: AVR Compiler
avr-gcc -Wall -g2 -gstabs -O0 -fpack-struct -fshort-enums -ffunction-sections -fdata-sections -std=gnu99 -funsigned-char -funsigned-bitfields -mmcu=atmega32 -DF_CPU=8000000UL -MMD -MP -MF"CLCD_program.d" -MT"CLCD_program.o" -c -o "CLCD_program.o" "../CLCD_program.c"
In file included from ../CLCD_program.c:13:
c:/winavr-20100110/lib/gcc/../../avr/include/util/delay.h:90:3: warning: #warning "Compiler optimizations disabled; functions from <util/delay.h> won't work as designed"
Finished building: ../CLCD_program.c
 
Building target: Basic_Calculator.elf
Invoking: AVR C Linker
avr-gcc -Wl,-Map,Basic_Calculator.map -mmcu=atmega32 -o "Basic_Calculator.elf"  ./CLCD_program.o ./DIO_program.o ./KPD_program.o ./main.o   
Finished building target: Basic_Calculator.elf
 
Invoking: AVR Create Extended Listing
avr-objdump -h -S Basic_Calculator.elf  >"Basic_Calculator.lss"
Finished building: Basic_Calculator.lss
 
Invoking: Print Size
avr-size --format=avr --mcu=atmega32 Basic_Calculator.elf
AVR Memory Usage
----------------
Device: atmega32

Program:   11016 bytes (33.6% Full)
(.text + .data + .bootloader)

Data:        288 bytes (14.1% Full)
(.data + .bss + .noinit)


Finished building: sizedummy
 

00:00:26 Build Finished (took 1s.51ms)

